-------------------------------------------------------------------------------
Test set: com.springboot.restapi.RestapiApplicationTests
-------------------------------------------------------------------------------
Tests run: 1, Failures: 0, Errors: 1, Skipped: 0, Time elapsed: 8.316 s <<< FAILURE! - in com.springboot.restapi.RestapiApplicationTests
contextLoads  Time elapsed: 0.024 s  <<< ERROR!
java.lang.IllegalStateException: Failed to load ApplicationContext
Caused by: org.springframework.beans.factory.UnsatisfiedDependencyException: Error creating bean with name 'securityConfig': Unsatisfied dependency expressed through field 'userDetailsService'; nested exception is org.springframework.beans.factory.UnsatisfiedDependencyException: Error creating bean with name 'customUserDetailsService' defined in file [D:\Project\restapi\restapi\restapi\target\classes\com\springboot\restapi\service\CustomUserDetailsService.class]: Unsatisfied dependency expressed through constructor parameter 0; nested exception is org.springframework.beans.factory.BeanCreationException: Error creating bean with name 'userRepository' defined in com.springboot.restapi.repository.UserRepository defined in @EnableJpaRepositories declared on JpaRepositoriesRegistrar.EnableJpaRepositoriesConfiguration: Invocation of init method failed; nested exception is org.springframework.data.repository.query.QueryCreationException: Could not create query for public abstract boolean com.springboot.restapi.repository.UserRepository.activateDeactivateUser(com.springboot.restapi.entity.User); Reason: Failed to create query for method public abstract boolean com.springboot.restapi.repository.UserRepository.activateDeactivateUser(com.springboot.restapi.entity.User)! No property 'activateDeactivateUser' found for type 'User'; nested exception is java.lang.IllegalArgumentException: Failed to create query for method public abstract boolean com.springboot.restapi.repository.UserRepository.activateDeactivateUser(com.springboot.restapi.entity.User)! No property 'activateDeactivateUser' found for type 'User'
Caused by: org.springframework.beans.factory.UnsatisfiedDependencyException: Error creating bean with name 'customUserDetailsService' defined in file [D:\Project\restapi\restapi\restapi\target\classes\com\springboot\restapi\service\CustomUserDetailsService.class]: Unsatisfied dependency expressed through constructor parameter 0; nested exception is org.springframework.beans.factory.BeanCreationException: Error creating bean with name 'userRepository' defined in com.springboot.restapi.repository.UserRepository defined in @EnableJpaRepositories declared on JpaRepositoriesRegistrar.EnableJpaRepositoriesConfiguration: Invocation of init method failed; nested exception is org.springframework.data.repository.query.QueryCreationException: Could not create query for public abstract boolean com.springboot.restapi.repository.UserRepository.activateDeactivateUser(com.springboot.restapi.entity.User); Reason: Failed to create query for method public abstract boolean com.springboot.restapi.repository.UserRepository.activateDeactivateUser(com.springboot.restapi.entity.User)! No property 'activateDeactivateUser' found for type 'User'; nested exception is java.lang.IllegalArgumentException: Failed to create query for method public abstract boolean com.springboot.restapi.repository.UserRepository.activateDeactivateUser(com.springboot.restapi.entity.User)! No property 'activateDeactivateUser' found for type 'User'
Caused by: org.springframework.beans.factory.BeanCreationException: Error creating bean with name 'userRepository' defined in com.springboot.restapi.repository.UserRepository defined in @EnableJpaRepositories declared on JpaRepositoriesRegistrar.EnableJpaRepositoriesConfiguration: Invocation of init method failed; nested exception is org.springframework.data.repository.query.QueryCreationException: Could not create query for public abstract boolean com.springboot.restapi.repository.UserRepository.activateDeactivateUser(com.springboot.restapi.entity.User); Reason: Failed to create query for method public abstract boolean com.springboot.restapi.repository.UserRepository.activateDeactivateUser(com.springboot.restapi.entity.User)! No property 'activateDeactivateUser' found for type 'User'; nested exception is java.lang.IllegalArgumentException: Failed to create query for method public abstract boolean com.springboot.restapi.repository.UserRepository.activateDeactivateUser(com.springboot.restapi.entity.User)! No property 'activateDeactivateUser' found for type 'User'
Caused by: org.springframework.data.repository.query.QueryCreationException: Could not create query for public abstract boolean com.springboot.restapi.repository.UserRepository.activateDeactivateUser(com.springboot.restapi.entity.User); Reason: Failed to create query for method public abstract boolean com.springboot.restapi.repository.UserRepository.activateDeactivateUser(com.springboot.restapi.entity.User)! No property 'activateDeactivateUser' found for type 'User'; nested exception is java.lang.IllegalArgumentException: Failed to create query for method public abstract boolean com.springboot.restapi.repository.UserRepository.activateDeactivateUser(com.springboot.restapi.entity.User)! No property 'activateDeactivateUser' found for type 'User'
Caused by: java.lang.IllegalArgumentException: Failed to create query for method public abstract boolean com.springboot.restapi.repository.UserRepository.activateDeactivateUser(com.springboot.restapi.entity.User)! No property 'activateDeactivateUser' found for type 'User'
Caused by: org.springframework.data.mapping.PropertyReferenceException: No property 'activateDeactivateUser' found for type 'User'

